{"E:\\Proyectos\\Cursos\\Curso-React-TS\\admin-productos\\server\\src\\router.ts": {"path":"E:\\Proyectos\\Cursos\\Curso-React-TS\\admin-productos\\server\\src\\router.ts","statementMap":{"0":{"start":{"line":1,"column":0},"end":{"line":1,"column":48}},"1":{"start":{"line":2,"column":0},"end":{"line":2,"column":null}},"2":{"start":{"line":11,"column":0},"end":{"line":11,"column":33}},"3":{"start":{"line":12,"column":0},"end":{"line":12,"column":50}},"4":{"start":{"line":14,"column":15},"end":{"line":14,"column":23}},"5":{"start":{"line":18,"column":0},"end":{"line":18,"column":29}},"6":{"start":{"line":20,"column":0},"end":{"line":25,"column":2}},"7":{"start":{"line":27,"column":0},"end":{"line":41,"column":2}},"8":{"start":{"line":37,"column":23},"end":{"line":37,"column":32}},"9":{"start":{"line":43,"column":0},"end":{"line":61,"column":2}},"10":{"start":{"line":54,"column":23},"end":{"line":54,"column":32}},"11":{"start":{"line":63,"column":0},"end":{"line":67,"column":2}},"12":{"start":{"line":69,"column":0},"end":{"line":74,"column":2}},"13":{"start":{"line":76,"column":0},"end":{"line":76,"column":22}}},"fnMap":{"0":{"name":"(anonymous_0)","decl":{"start":{"line":37,"column":12},"end":{"line":37,"column":13}},"loc":{"start":{"line":37,"column":23},"end":{"line":37,"column":32}}},"1":{"name":"(anonymous_1)","decl":{"start":{"line":54,"column":12},"end":{"line":54,"column":13}},"loc":{"start":{"line":54,"column":23},"end":{"line":54,"column":32}}}},"branchMap":{},"s":{"0":2,"1":2,"2":2,"3":2,"4":2,"5":2,"6":2,"7":2,"8":4,"9":2,"10":5,"11":2,"12":2,"13":2},"f":{"0":4,"1":5},"b":{}}
,"E:\\Proyectos\\Cursos\\Curso-React-TS\\admin-productos\\server\\src\\server.ts": {"path":"E:\\Proyectos\\Cursos\\Curso-React-TS\\admin-productos\\server\\src\\server.ts","statementMap":{"0":{"start":{"line":1,"column":0},"end":{"line":1,"column":28}},"1":{"start":{"line":2,"column":0},"end":{"line":2,"column":29}},"2":{"start":{"line":3,"column":0},"end":{"line":3,"column":30}},"3":{"start":{"line":4,"column":0},"end":{"line":4,"column":38}},"4":{"start":{"line":8,"column":2},"end":{"line":15,"column":3}},"5":{"start":{"line":9,"column":4},"end":{"line":9,"column":28}},"6":{"start":{"line":10,"column":4},"end":{"line":10,"column":20}},"7":{"start":{"line":13,"column":4},"end":{"line":13,"column":23}},"8":{"start":{"line":14,"column":4},"end":{"line":14,"column":76}},"9":{"start":{"line":18,"column":0},"end":{"line":18,"column":12}},"10":{"start":{"line":20,"column":15},"end":{"line":20,"column":24}},"11":{"start":{"line":23,"column":0},"end":{"line":23,"column":27}},"12":{"start":{"line":26,"column":0},"end":{"line":26,"column":44}},"13":{"start":{"line":28,"column":0},"end":{"line":30,"column":3}},"14":{"start":{"line":29,"column":2},"end":{"line":29,"column":33}},"15":{"start":{"line":32,"column":0},"end":{"line":32,"column":22}}},"fnMap":{"0":{"name":"connectDB","decl":{"start":{"line":7,"column":15},"end":{"line":7,"column":24}},"loc":{"start":{"line":7,"column":24},"end":{"line":16,"column":1}}},"1":{"name":"(anonymous_2)","decl":{"start":{"line":28,"column":19},"end":{"line":28,"column":20}},"loc":{"start":{"line":28,"column":32},"end":{"line":30,"column":1}}}},"branchMap":{},"s":{"0":2,"1":2,"2":2,"3":2,"4":2,"5":2,"6":1,"7":0,"8":0,"9":2,"10":2,"11":2,"12":2,"13":2,"14":1,"15":2},"f":{"0":2,"1":1},"b":{}}
,"E:\\Proyectos\\Cursos\\Curso-React-TS\\admin-productos\\server\\src\\config\\db.ts": {"path":"E:\\Proyectos\\Cursos\\Curso-React-TS\\admin-productos\\server\\src\\config\\db.ts","statementMap":{"0":{"start":{"line":1,"column":0},"end":{"line":1,"column":46}},"1":{"start":{"line":2,"column":0},"end":{"line":2,"column":49}},"2":{"start":{"line":3,"column":0},"end":{"line":3,"column":28}},"3":{"start":{"line":5,"column":0},"end":{"line":5,"column":16}},"4":{"start":{"line":7,"column":11},"end":{"line":11,"column":2}},"5":{"start":{"line":13,"column":0},"end":{"line":13,"column":18}}},"fnMap":{},"branchMap":{},"s":{"0":2,"1":2,"2":2,"3":2,"4":2,"5":2},"f":{},"b":{}}
,"E:\\Proyectos\\Cursos\\Curso-React-TS\\admin-productos\\server\\src\\handlers\\product.ts": {"path":"E:\\Proyectos\\Cursos\\Curso-React-TS\\admin-productos\\server\\src\\handlers\\product.ts","statementMap":{"0":{"start":{"line":3,"column":0},"end":{"line":3,"column":46}},"1":{"start":{"line":7,"column":27},"end":{"line":18,"column":1}},"2":{"start":{"line":8,"column":2},"end":{"line":17,"column":3}},"3":{"start":{"line":9,"column":21},"end":{"line":12,"column":6}},"4":{"start":{"line":13,"column":4},"end":{"line":13,"column":59}},"5":{"start":{"line":15,"column":4},"end":{"line":15,"column":23}},"6":{"start":{"line":16,"column":4},"end":{"line":16,"column":64}},"7":{"start":{"line":7,"column":13},"end":{"line":7,"column":27}},"8":{"start":{"line":20,"column":30},"end":{"line":34,"column":1}},"9":{"start":{"line":21,"column":2},"end":{"line":33,"column":3}},"10":{"start":{"line":22,"column":15},"end":{"line":22,"column":28}},"11":{"start":{"line":23,"column":20},"end":{"line":23,"column":46}},"12":{"start":{"line":24,"column":4},"end":{"line":27,"column":5}},"13":{"start":{"line":25,"column":6},"end":{"line":25,"column":64}},"14":{"start":{"line":26,"column":6},"end":{"line":26,"column":13}},"15":{"start":{"line":28,"column":4},"end":{"line":28,"column":63}},"16":{"start":{"line":29,"column":4},"end":{"line":29,"column":11}},"17":{"start":{"line":31,"column":4},"end":{"line":31,"column":23}},"18":{"start":{"line":32,"column":4},"end":{"line":32,"column":64}},"19":{"start":{"line":20,"column":13},"end":{"line":20,"column":30}},"20":{"start":{"line":36,"column":29},"end":{"line":71,"column":1}},"21":{"start":{"line":59,"column":2},"end":{"line":70,"column":3}},"22":{"start":{"line":60,"column":20},"end":{"line":60,"column":50}},"23":{"start":{"line":61,"column":4},"end":{"line":64,"column":7}},"24":{"start":{"line":65,"column":4},"end":{"line":65,"column":11}},"25":{"start":{"line":67,"column":4},"end":{"line":67,"column":23}},"26":{"start":{"line":68,"column":4},"end":{"line":68,"column":60}},"27":{"start":{"line":69,"column":4},"end":{"line":69,"column":11}},"28":{"start":{"line":36,"column":13},"end":{"line":36,"column":29}},"29":{"start":{"line":73,"column":29},"end":{"line":92,"column":1}},"30":{"start":{"line":74,"column":2},"end":{"line":91,"column":3}},"31":{"start":{"line":75,"column":15},"end":{"line":75,"column":28}},"32":{"start":{"line":76,"column":20},"end":{"line":76,"column":46}},"33":{"start":{"line":78,"column":4},"end":{"line":81,"column":5}},"34":{"start":{"line":79,"column":6},"end":{"line":79,"column":64}},"35":{"start":{"line":80,"column":6},"end":{"line":80,"column":13}},"36":{"start":{"line":84,"column":4},"end":{"line":84,"column":35}},"37":{"start":{"line":85,"column":4},"end":{"line":85,"column":25}},"38":{"start":{"line":87,"column":4},"end":{"line":87,"column":66}},"39":{"start":{"line":89,"column":4},"end":{"line":89,"column":23}},"40":{"start":{"line":90,"column":4},"end":{"line":90,"column":64}},"41":{"start":{"line":73,"column":13},"end":{"line":73,"column":29}},"42":{"start":{"line":94,"column":34},"end":{"line":118,"column":1}},"43":{"start":{"line":95,"column":2},"end":{"line":117,"column":3}},"44":{"start":{"line":96,"column":15},"end":{"line":96,"column":28}},"45":{"start":{"line":97,"column":20},"end":{"line":97,"column":46}},"46":{"start":{"line":99,"column":4},"end":{"line":102,"column":5}},"47":{"start":{"line":100,"column":6},"end":{"line":100,"column":64}},"48":{"start":{"line":101,"column":6},"end":{"line":101,"column":13}},"49":{"start":{"line":105,"column":4},"end":{"line":105,"column":60}},"50":{"start":{"line":106,"column":4},"end":{"line":106,"column":25}},"51":{"start":{"line":108,"column":4},"end":{"line":111,"column":7}},"52":{"start":{"line":113,"column":4},"end":{"line":113,"column":23}},"53":{"start":{"line":114,"column":4},"end":{"line":116,"column":7}},"54":{"start":{"line":94,"column":13},"end":{"line":94,"column":34}},"55":{"start":{"line":120,"column":29},"end":{"line":140,"column":1}},"56":{"start":{"line":121,"column":2},"end":{"line":139,"column":3}},"57":{"start":{"line":122,"column":15},"end":{"line":122,"column":28}},"58":{"start":{"line":123,"column":20},"end":{"line":123,"column":46}},"59":{"start":{"line":125,"column":4},"end":{"line":128,"column":5}},"60":{"start":{"line":126,"column":6},"end":{"line":126,"column":64}},"61":{"start":{"line":127,"column":6},"end":{"line":127,"column":13}},"62":{"start":{"line":130,"column":4},"end":{"line":130,"column":28}},"63":{"start":{"line":131,"column":4},"end":{"line":131,"column":44}},"64":{"start":{"line":132,"column":4},"end":{"line":132,"column":11}},"65":{"start":{"line":134,"column":4},"end":{"line":134,"column":23}},"66":{"start":{"line":135,"column":4},"end":{"line":137,"column":7}},"67":{"start":{"line":138,"column":4},"end":{"line":138,"column":11}},"68":{"start":{"line":120,"column":13},"end":{"line":120,"column":29}}},"fnMap":{"0":{"name":"(anonymous_1)","decl":{"start":{"line":7,"column":27},"end":{"line":7,"column":32}},"loc":{"start":{"line":7,"column":65},"end":{"line":18,"column":1}}},"1":{"name":"(anonymous_2)","decl":{"start":{"line":20,"column":30},"end":{"line":20,"column":35}},"loc":{"start":{"line":20,"column":68},"end":{"line":34,"column":1}}},"2":{"name":"(anonymous_3)","decl":{"start":{"line":36,"column":29},"end":{"line":36,"column":34}},"loc":{"start":{"line":36,"column":67},"end":{"line":71,"column":1}}},"3":{"name":"(anonymous_4)","decl":{"start":{"line":73,"column":29},"end":{"line":73,"column":34}},"loc":{"start":{"line":73,"column":67},"end":{"line":92,"column":1}}},"4":{"name":"(anonymous_5)","decl":{"start":{"line":94,"column":34},"end":{"line":94,"column":39}},"loc":{"start":{"line":94,"column":72},"end":{"line":118,"column":1}}},"5":{"name":"(anonymous_6)","decl":{"start":{"line":120,"column":29},"end":{"line":120,"column":34}},"loc":{"start":{"line":120,"column":67},"end":{"line":140,"column":1}}}},"branchMap":{"0":{"loc":{"start":{"line":24,"column":4},"end":{"line":27,"column":5}},"type":"if","locations":[{"start":{"line":24,"column":4},"end":{"line":27,"column":5}}]},"1":{"loc":{"start":{"line":78,"column":4},"end":{"line":81,"column":5}},"type":"if","locations":[{"start":{"line":78,"column":4},"end":{"line":81,"column":5}}]},"2":{"loc":{"start":{"line":99,"column":4},"end":{"line":102,"column":5}},"type":"if","locations":[{"start":{"line":99,"column":4},"end":{"line":102,"column":5}}]},"3":{"loc":{"start":{"line":125,"column":4},"end":{"line":128,"column":5}},"type":"if","locations":[{"start":{"line":125,"column":4},"end":{"line":128,"column":5}}]}},"s":{"0":2,"1":2,"2":2,"3":2,"4":2,"5":0,"6":0,"7":2,"8":2,"9":2,"10":2,"11":2,"12":2,"13":1,"14":1,"15":1,"16":1,"17":0,"18":0,"19":2,"20":2,"21":1,"22":1,"23":1,"24":1,"25":0,"26":0,"27":0,"28":2,"29":2,"30":2,"31":2,"32":2,"33":2,"34":1,"35":1,"36":1,"37":1,"38":1,"39":0,"40":0,"41":2,"42":2,"43":2,"44":2,"45":2,"46":2,"47":1,"48":1,"49":1,"50":1,"51":1,"52":0,"53":0,"54":2,"55":2,"56":2,"57":2,"58":2,"59":2,"60":1,"61":1,"62":1,"63":1,"64":1,"65":0,"66":0,"67":0,"68":2},"f":{"0":2,"1":2,"2":1,"3":2,"4":2,"5":2},"b":{"0":[1],"1":[1],"2":[1],"3":[1]}}
,"E:\\Proyectos\\Cursos\\Curso-React-TS\\admin-productos\\server\\src\\middlewares\\index.ts": {"path":"E:\\Proyectos\\Cursos\\Curso-React-TS\\admin-productos\\server\\src\\middlewares\\index.ts","statementMap":{"0":{"start":{"line":3,"column":0},"end":{"line":3,"column":53}},"1":{"start":{"line":5,"column":33},"end":{"line":16,"column":1}},"2":{"start":{"line":10,"column":15},"end":{"line":10,"column":36}},"3":{"start":{"line":11,"column":2},"end":{"line":14,"column":3}},"4":{"start":{"line":12,"column":4},"end":{"line":12,"column":53}},"5":{"start":{"line":13,"column":4},"end":{"line":13,"column":11}},"6":{"start":{"line":15,"column":2},"end":{"line":15,"column":9}},"7":{"start":{"line":5,"column":13},"end":{"line":5,"column":33}}},"fnMap":{"0":{"name":"(anonymous_0)","decl":{"start":{"line":5,"column":33},"end":{"line":5,"column":null}},"loc":{"start":{"line":9,"column":4},"end":{"line":16,"column":1}}}},"branchMap":{"0":{"loc":{"start":{"line":11,"column":2},"end":{"line":14,"column":3}},"type":"if","locations":[{"start":{"line":11,"column":2},"end":{"line":14,"column":3}}]}},"s":{"0":2,"1":2,"2":15,"3":15,"4":8,"5":8,"6":7,"7":2},"f":{"0":15},"b":{"0":[8]}}
,"E:\\Proyectos\\Cursos\\Curso-React-TS\\admin-productos\\server\\src\\models\\Product.model.ts": {"path":"E:\\Proyectos\\Cursos\\Curso-React-TS\\admin-productos\\server\\src\\models\\Product.model.ts","statementMap":{"0":{"start":{"line":1,"column":0},"end":{"line":1,"column":79}},"1":{"start":{"line":6,"column":0},"end":{"line":15,"column":null}},"2":{"start":{"line":8,"column":10},"end":{"line":8,"column":null}},"3":{"start":{"line":10,"column":44},"end":{"line":10,"column":null}},"4":{"start":{"line":14,"column":10},"end":{"line":14,"column":null}},"5":{"start":{"line":6,"column":6},"end":{"line":15,"column":null}},"6":{"start":{"line":17,"column":0},"end":{"line":17,"column":23}}},"fnMap":{},"branchMap":{},"s":{"0":2,"1":2,"2":2,"3":2,"4":2,"5":2,"6":2},"f":{},"b":{}}
}
