TN:
SF:src\router.ts
FN:37,(anonymous_0)
FN:54,(anonymous_1)
FNF:2
FNH:2
FNDA:4,(anonymous_0)
FNDA:5,(anonymous_1)
DA:1,2
DA:2,2
DA:11,2
DA:12,2
DA:14,2
DA:18,2
DA:20,2
DA:27,2
DA:37,4
DA:43,2
DA:54,5
DA:63,2
DA:69,2
DA:76,2
LF:14
LH:14
BRF:0
BRH:0
end_of_record
TN:
SF:src\server.ts
FN:7,connectDB
FN:28,(anonymous_2)
FNF:2
FNH:2
FNDA:2,connectDB
FNDA:1,(anonymous_2)
DA:1,2
DA:2,2
DA:3,2
DA:4,2
DA:8,2
DA:9,2
DA:10,1
DA:13,0
DA:14,0
DA:18,2
DA:20,2
DA:23,2
DA:26,2
DA:28,2
DA:29,1
DA:32,2
LF:16
LH:14
BRF:0
BRH:0
end_of_record
TN:
SF:src\config\db.ts
FNF:0
FNH:0
DA:1,2
DA:2,2
DA:3,2
DA:5,2
DA:7,2
DA:13,2
LF:6
LH:6
BRF:0
BRH:0
end_of_record
TN:
SF:src\handlers\product.ts
FN:7,(anonymous_1)
FN:20,(anonymous_2)
FN:36,(anonymous_3)
FN:73,(anonymous_4)
FN:94,(anonymous_5)
FN:120,(anonymous_6)
FNF:6
FNH:6
FNDA:2,(anonymous_1)
FNDA:2,(anonymous_2)
FNDA:1,(anonymous_3)
FNDA:2,(anonymous_4)
FNDA:2,(anonymous_5)
FNDA:2,(anonymous_6)
DA:3,2
DA:7,2
DA:8,2
DA:9,2
DA:13,2
DA:15,0
DA:16,0
DA:20,2
DA:21,2
DA:22,2
DA:23,2
DA:24,2
DA:25,1
DA:26,1
DA:28,1
DA:29,1
DA:31,0
DA:32,0
DA:36,2
DA:59,1
DA:60,1
DA:61,1
DA:65,1
DA:67,0
DA:68,0
DA:69,0
DA:73,2
DA:74,2
DA:75,2
DA:76,2
DA:78,2
DA:79,1
DA:80,1
DA:84,1
DA:85,1
DA:87,1
DA:89,0
DA:90,0
DA:94,2
DA:95,2
DA:96,2
DA:97,2
DA:99,2
DA:100,1
DA:101,1
DA:105,1
DA:106,1
DA:108,1
DA:113,0
DA:114,0
DA:120,2
DA:121,2
DA:122,2
DA:123,2
DA:125,2
DA:126,1
DA:127,1
DA:130,1
DA:131,1
DA:132,1
DA:134,0
DA:135,0
DA:138,0
LF:63
LH:49
BRDA:24,0,0,1
BRDA:78,1,0,1
BRDA:99,2,0,1
BRDA:125,3,0,1
BRF:4
BRH:4
end_of_record
TN:
SF:src\middlewares\index.ts
FN:5,(anonymous_0)
FNF:1
FNH:1
FNDA:15,(anonymous_0)
DA:3,2
DA:5,2
DA:10,15
DA:11,15
DA:12,8
DA:13,8
DA:15,7
LF:7
LH:7
BRDA:11,0,0,8
BRF:1
BRH:1
end_of_record
TN:
SF:src\models\Product.model.ts
FNF:0
FNH:0
DA:1,2
DA:6,2
DA:8,2
DA:10,2
DA:14,2
DA:17,2
LF:6
LH:6
BRF:0
BRH:0
end_of_record
